<?xml version="1.0" encoding="UTF-8"?>
<testng-results ignored="0" total="1" passed="1" failed="0" skipped="0">
  <reporter-output>
  </reporter-output>
  <suite started-at="2024-03-17T21:51:17 IST" name="Default suite" finished-at="2024-03-17T21:51:23 IST" duration-ms="5726">
    <groups>
      <group name="cucumber">
        <method signature="AbstractTestNGCucumberTests.runScenario(io.cucumber.testng.PickleWrapper,io.cucumber.testng.FeatureWrapper)[pri:0, instance:runner.Cucumber_Runner_Class@3e58a80e]" name="runScenario" class="io.cucumber.testng.AbstractTestNGCucumberTests"/>
      </group> <!-- cucumber -->
    </groups>
    <test started-at="2024-03-17T21:51:17 IST" name="Default test" finished-at="2024-03-17T21:51:23 IST" duration-ms="5726">
      <class name="runner.Cucumber_Runner_Class">
        <test-method is-config="true" signature="setUpClass(org.testng.ITestContext)[pri:0, instance:runner.Cucumber_Runner_Class@3e58a80e]" started-at="2024-03-17T21:51:17 IST" name="setUpClass" finished-at="2024-03-17T21:51:18 IST" duration-ms="620" status="PASS">
          <params>
            <param index="0">
              <value>
                <![CDATA[org.testng.TestRunner@3f36b447]]>
              </value>
            </param>
          </params>
          <reporter-output>
          </reporter-output>
        </test-method> <!-- setUpClass -->
        <test-method signature="runScenario(io.cucumber.testng.PickleWrapper,io.cucumber.testng.FeatureWrapper)[pri:0, instance:runner.Cucumber_Runner_Class@3e58a80e]" started-at="2024-03-17T21:51:18 IST" name="runScenario" description="Runs Cucumber Scenarios" data-provider="scenarios" finished-at="2024-03-17T21:51:18 IST" duration-ms="85" status="PASS">
          <params>
            <param index="0">
              <value>
                <![CDATA["Login with valid credentials"]]>
              </value>
            </param>
            <param index="1">
              <value>
                <![CDATA["Login Functionality"]]>
              </value>
            </param>
          </params>
          <reporter-output>
          </reporter-output>
        </test-method> <!-- runScenario -->
        <test-method is-config="true" signature="tearDownClass()[pri:0, instance:runner.Cucumber_Runner_Class@3e58a80e]" started-at="2024-03-17T21:51:18 IST" name="tearDownClass" finished-at="2024-03-17T21:51:23 IST" duration-ms="4973" status="PASS">
          <reporter-output>
          </reporter-output>
        </test-method> <!-- tearDownClass -->
      </class> <!-- runner.Cucumber_Runner_Class -->
    </test> <!-- Default test -->
  </suite> <!-- Default suite -->
</testng-results>
